<?xml version="1.0" encoding="UTF-8" standalone="no"?>
<!DOCTYPE log SYSTEM "logger.dtd">
<log>
<record>
  <date>2019-04-04T14:13:39.402-0300</date>
  <logger>JOAO ANTONIO BANDEIRA DE OLIVEIRA MARTINS</logger>
  <level>FINE</level>
  <message>File 117210692-JOAO ANTONIO BANDEIRA DE OLIVEIRA MARTINS.zip was received. It was sent by JOAO ANTONIO BANDEIRA DE OLIVEIRA MARTINS from IP 150.165.42.137</message>
</record>
</log>
<?xml version="1.0" encoding="UTF-8" standalone="no"?>
<!DOCTYPE log SYSTEM "logger.dtd">
<log>
<record>
  <date>2019-04-04T22:12:46.440-0300</date>
  <logger>JOAO ANTONIO BANDEIRA DE OLIVEIRA MARTINS</logger>
  <level>FINE</level>
  <message>File 117210692-JOAO ANTONIO BANDEIRA DE OLIVEIRA MARTINS.zip was received. It was sent by JOAO ANTONIO BANDEIRA DE OLIVEIRA MARTINS from IP 192.168.15.3</message>
</record>
</log>
<?xml version="1.0" encoding="UTF-8" standalone="no"?>
<!DOCTYPE log SYSTEM "logger.dtd">
<log>
<record>
  <date>2019-04-04T22:17:29.505-0300</date>
  <logger>JOAO ANTONIO BANDEIRA DE OLIVEIRA MARTINS</logger>
  <level>FINE</level>
  <message>File 117210692-JOAO ANTONIO BANDEIRA DE OLIVEIRA MARTINS.zip was received. It was sent by JOAO ANTONIO BANDEIRA DE OLIVEIRA MARTINS from IP 192.168.15.3</message>
</record>
