<?xml version="1.0" encoding="UTF-8" standalone="no"?>
<!DOCTYPE log SYSTEM "logger.dtd">
<log>
<record>
  <date>2019-06-03T16:12:25.614-0300</date>
  <logger>JOAO ANTONIO BANDEIRA DE OLIVEIRA MARTINS</logger>
  <level>FINE</level>
  <message>File 117210692-JOAO ANTONIO BANDEIRA DE OLIVEIRA MARTINS.zip was received. It was sent by JOAO ANTONIO BANDEIRA DE OLIVEIRA MARTINS from IP 150.165.42.148 at 03-06-2019 16*12*25</message>
</record>
</log>
<?xml version="1.0" encoding="UTF-8" standalone="no"?>
<!DOCTYPE log SYSTEM "logger.dtd">
<log>
<record>
  <date>2019-06-03T16:34:59.324-0300</date>
  <logger>JOAO ANTONIO BANDEIRA DE OLIVEIRA MARTINS</logger>
  <level>FINE</level>
  <message>File 117210692-JOAO ANTONIO BANDEIRA DE OLIVEIRA MARTINS.zip was received. It was sent by JOAO ANTONIO BANDEIRA DE OLIVEIRA MARTINS from IP 150.165.42.148 at 03-06-2019 16*34*59</message>
</record>
</log>
<?xml version="1.0" encoding="UTF-8" standalone="no"?>
<!DOCTYPE log SYSTEM "logger.dtd">
<log>
<record>
  <date>2019-06-03T23:54:50.597-0300</date>
  <logger>JOAO ANTONIO BANDEIRA DE OLIVEIRA MARTINS</logger>
  <level>FINE</level>
  <message>File 117210692-JOAO ANTONIO BANDEIRA DE OLIVEIRA MARTINS.zip was received. It was sent by JOAO ANTONIO BANDEIRA DE OLIVEIRA MARTINS from IP 192.168.15.3 at 03-06-2019 23*54*50</message>
</record>
</log>
<?xml version="1.0" encoding="UTF-8" standalone="no"?>
<!DOCTYPE log SYSTEM "logger.dtd">
<log>
<record>
  <date>2019-06-03T23:55:28.663-0300</date>
  <logger>JOAO ANTONIO BANDEIRA DE OLIVEIRA MARTINS</logger>
  <level>FINE</level>
  <message>File 117210692-JOAO ANTONIO BANDEIRA DE OLIVEIRA MARTINS.zip was received. It was sent by JOAO ANTONIO BANDEIRA DE OLIVEIRA MARTINS from IP 192.168.15.3 at 03-06-2019 23*55*28</message>
</record>
</log>
<?xml version="1.0" encoding="UTF-8" standalone="no"?>
<!DOCTYPE log SYSTEM "logger.dtd">
<log>
<record>
  <date>2019-06-03T23:56:08.723-0300</date>
  <logger>JOAO ANTONIO BANDEIRA DE OLIVEIRA MARTINS</logger>
  <level>FINE</level>
  <message>File 117210692-JOAO ANTONIO BANDEIRA DE OLIVEIRA MARTINS.zip was received. It was sent by JOAO ANTONIO BANDEIRA DE OLIVEIRA MARTINS from IP 192.168.15.3 at 03-06-2019 23*56*08</message>
</record>
</log>
<?xml version="1.0" encoding="UTF-8" standalone="no"?>
<!DOCTYPE log SYSTEM "logger.dtd">
<log>
<record>
  <date>2019-06-03T23:56:47.688-0300</date>
  <logger>JOAO ANTONIO BANDEIRA DE OLIVEIRA MARTINS</logger>
  <level>FINE</level>
  <message>File 117210692-JOAO ANTONIO BANDEIRA DE OLIVEIRA MARTINS.zip was received. It was sent by JOAO ANTONIO BANDEIRA DE OLIVEIRA MARTINS from IP 192.168.15.3 at 03-06-2019 23*56*47</message>
</record>
</log>
<?xml version="1.0" encoding="UTF-8" standalone="no"?>
<!DOCTYPE log SYSTEM "logger.dtd">
<log>
<record>
  <date>2019-06-03T23:59:58.423-0300</date>
  <logger>JOAO ANTONIO BANDEIRA DE OLIVEIRA MARTINS</logger>
  <level>FINE</level>
  <message>File 117210692-JOAO ANTONIO BANDEIRA DE OLIVEIRA MARTINS.zip was received. It was sent by JOAO ANTONIO BANDEIRA DE OLIVEIRA MARTINS from IP 192.168.15.3 at 03-06-2019 23*59*58</message>
</record>
