<?xml version="1.0" encoding="UTF-8" standalone="no"?>
<!DOCTYPE log SYSTEM "logger.dtd">
<log>
<record>
  <date>2019-03-28T14:46:07.782-0300</date>
  <logger>JOAO ANTONIO BANDEIRA DE OLIVEIRA MARTINS</logger>
  <level>FINE</level>
  <message>File 117210692-JOAO ANTONIO BANDEIRA DE OLIVEIRA MARTINS.zip was received. It was sent by JOAO ANTONIO BANDEIRA DE OLIVEIRA MARTINS from IP 150.165.42.127</message>
</record>
</log>
<?xml version="1.0" encoding="UTF-8" standalone="no"?>
<!DOCTYPE log SYSTEM "logger.dtd">
<log>
<record>
  <date>2019-03-29T00:28:35.855-0300</date>
  <logger>JOAO ANTONIO BANDEIRA DE OLIVEIRA MARTINS</logger>
  <level>FINE</level>
  <message>File 117210692-JOAO ANTONIO BANDEIRA DE OLIVEIRA MARTINS.zip was received. It was sent by JOAO ANTONIO BANDEIRA DE OLIVEIRA MARTINS from IP 192.168.15.3</message>
</record>
</log>
<?xml version="1.0" encoding="UTF-8" standalone="no"?>
<!DOCTYPE log SYSTEM "logger.dtd">
<log>
<record>
  <date>2019-03-29T00:52:24.857-0300</date>
  <logger>JOAO ANTONIO BANDEIRA DE OLIVEIRA MARTINS</logger>
  <level>FINE</level>
  <message>File 117210692-JOAO ANTONIO BANDEIRA DE OLIVEIRA MARTINS.zip was received. It was sent by JOAO ANTONIO BANDEIRA DE OLIVEIRA MARTINS from IP 192.168.15.3</message>
</record>
</log>
<?xml version="1.0" encoding="UTF-8" standalone="no"?>
<!DOCTYPE log SYSTEM "logger.dtd">
<log>
<record>
  <date>2019-03-29T00:56:44.969-0300</date>
  <logger>JOAO ANTONIO BANDEIRA DE OLIVEIRA MARTINS</logger>
  <level>FINE</level>
  <message>File 117210692-JOAO ANTONIO BANDEIRA DE OLIVEIRA MARTINS.zip was received. It was sent by JOAO ANTONIO BANDEIRA DE OLIVEIRA MARTINS from IP 192.168.15.3</message>
</record>
