<?xml version="1.0" encoding="UTF-8" standalone="no"?>
<!DOCTYPE log SYSTEM "logger.dtd">
<log>
<record>
  <date>2019-06-06T14:15:53.639-0300</date>
  <logger>JOAO ANTONIO BANDEIRA DE OLIVEIRA MARTINS</logger>
  <level>FINE</level>
  <message>File 117210692-JOAO ANTONIO BANDEIRA DE OLIVEIRA MARTINS.zip was received. It was sent by JOAO ANTONIO BANDEIRA DE OLIVEIRA MARTINS from IP 150.165.42.134 at 06-06-2019 14*15*53</message>
</record>
</log>
<?xml version="1.0" encoding="UTF-8" standalone="no"?>
<!DOCTYPE log SYSTEM "logger.dtd">
<log>
<record>
  <date>2019-06-06T15:26:22.066-0300</date>
  <logger>JOAO ANTONIO BANDEIRA DE OLIVEIRA MARTINS</logger>
  <level>FINE</level>
  <message>File 117210692-JOAO ANTONIO BANDEIRA DE OLIVEIRA MARTINS.zip was received. It was sent by JOAO ANTONIO BANDEIRA DE OLIVEIRA MARTINS from IP 150.165.42.134 at 06-06-2019 15*26*22</message>
</record>
</log>
<?xml version="1.0" encoding="UTF-8" standalone="no"?>
<!DOCTYPE log SYSTEM "logger.dtd">
<log>
<record>
  <date>2019-06-06T19:20:58.781-0300</date>
  <logger>JOAO ANTONIO BANDEIRA DE OLIVEIRA MARTINS</logger>
  <level>FINE</level>
  <message>File 117210692-JOAO ANTONIO BANDEIRA DE OLIVEIRA MARTINS.zip was received. It was sent by JOAO ANTONIO BANDEIRA DE OLIVEIRA MARTINS from IP 192.168.15.3 at 06-06-2019 19*20*58</message>
</record>
</log>
<?xml version="1.0" encoding="UTF-8" standalone="no"?>
<!DOCTYPE log SYSTEM "logger.dtd">
<log>
<record>
  <date>2019-06-06T19:21:46.092-0300</date>
  <logger>JOAO ANTONIO BANDEIRA DE OLIVEIRA MARTINS</logger>
  <level>FINE</level>
  <message>File 117210692-JOAO ANTONIO BANDEIRA DE OLIVEIRA MARTINS.zip was received. It was sent by JOAO ANTONIO BANDEIRA DE OLIVEIRA MARTINS from IP 192.168.15.3 at 06-06-2019 19*21*46</message>
</record>
